#
# There is insufficient memory for the Java Runtime Environment to continue.
# Native memory allocation (mmap) failed to map 67108864 bytes for G1 virtual space
# Possible reasons:
#   The system is out of physical RAM or swap space
#   The process is running with CompressedOops enabled, and the Java Heap may be blocking the growth of the native heap
# Possible solutions:
#   Reduce memory load on the system
#   Increase physical memory or swap space
#   Check if swap backing store is full
#   Decrease Java heap size (-Xmx/-Xms)
#   Decrease number of Java threads
#   Decrease Java thread stack sizes (-Xss)
#   Set larger code cache with -XX:ReservedCodeCacheSize=
#   JVM is running with Unscaled Compressed Oops mode in which the Java heap is
#     placed in the first 4GB address space. The Java Heap base address is the
#     maximum limit for the native heap growth. Please use -XX:HeapBaseMinAddress
#     to set the Java Heap base and to place the Java Heap above 4GB virtual address.
# This output file may be truncated or incomplete.
#
#  Out of Memory Error (os_windows.cpp:3469), pid=18792, tid=12356
#
# JRE version:  (17.0+35) (build )
# Java VM: Java HotSpot(TM) 64-Bit Server VM (17+35-LTS-2724, mixed mode, sharing, tiered, compressed oops, compressed class ptrs, g1 gc, windows-amd64)
# No core dump will be written. Minidumps are not enabled by default on client versions of Windows
#

---------------  S U M M A R Y ------------

Command Line: -XX:+ShowCodeDetailsInExceptionMessages part01.machineApp

Host: Intel(R) Core(TM) i3-7020U CPU @ 2.30GHz, 4 cores, 3G,  Windows 10 , 64 bit Build 19041 (10.0.19041.1566)
Time: Sun Apr 10 20:54:07 2022 GMT Summer Time elapsed time: 0.180430 seconds (0d 0h 0m 0s)

---------------  T H R E A D  ---------------

Current thread (0x0000029646b1c5d0):  JavaThread "Unknown thread" [_thread_in_vm, id=12356, stack(0x000000b920800000,0x000000b920900000)]

Stack: [0x000000b920800000,0x000000b920900000]
Native frames: (J=compiled Java code, j=interpreted, Vv=VM code, C=native code)
V  [jvm.dll+0x66f8ea]
V  [jvm.dll+0x7ce224]
V  [jvm.dll+0x7cf9ce]
V  [jvm.dll+0x7d0033]
V  [jvm.dll+0x242bb5]
V  [jvm.dll+0x66c909]
V  [jvm.dll+0x6613d2]
V  [jvm.dll+0x30082b]
V  [jvm.dll+0x307db6]
V  [jvm.dll+0x357a0e]
V  [jvm.dll+0x357c3f]
V  [jvm.dll+0x2d7ae8]
V  [jvm.dll+0x2d8a54]
V  [jvm.dll+0x7a00a1]
V  [jvm.dll+0x365781]
V  [jvm.dll+0x77f59c]
V  [jvm.dll+0x3e805f]
V  [jvm.dll+0x3e9b01]
C  [jli.dll+0x527b]
C  [ucrtbase.dll+0x21bb2]
C  [KERNEL32.DLL+0x17034]
C  [ntdll.dll+0x52651]


---------------  P R O C E S S  ---------------

Threads class SMR info:
_java_thread_list=0x00007fffa4217818, length=0, elements={
}

Java Threads: ( => current thread )

Other Threads:
  0x0000029646b49950 GCTaskThread "GC Thread#0" [stack: 0x000000b920900000,0x000000b920a00000] [id=14840]
  0x0000029646b525d0 ConcurrentGCThread "G1 Main Marker" [stack: 0x000000b920a00000,0x000000b920b00000] [id=15460]
  0x0000029646b52fe0 ConcurrentGCThread "G1 Conc#0" [stack: 0x000000b920b00000,0x000000b920c00000] [id=6116]

[error occurred during error reporting (printing all threads), id 0xc0000005, EXCEPTION_ACCESS_VIOLATION (0xc0000005) at pc=0x00007fffa3a684c7]

VM state: not at safepoint (not fully initialized)

VM Mutex/Monitor currently owned by a thread:  ([mutex/lock_event])
[0x0000029646b15f60] Heap_lock - owner thread: 0x0000029646b1c5d0

Heap address: 0x00000000c1600000, size: 1002 MB, Compressed Oops mode: 32-bit

CDS archive(s) mapped at: [0x0000000000000000-0x0000000000000000-0x0000000000000000), size 0, SharedBaseAddress: 0x0000000800000000, ArchiveRelocationMode: 0.
Narrow klass base: 0x0000000000000000, Narrow klass shift: 0, Narrow klass range: 0x0

GC Precious Log:
<Empty>

Heap:
 garbage-first heap   total 0K, used 0K [0x00000000c1600000, 0x0000000100000000)
  region size 1024K, 0 young (0K), 0 survivors (0K)

[error occurred during error reporting (printing heap information), id 0xc0000005, EXCEPTION_ACCESS_VIOLATION (0xc0000005) at pc=0x00007fffa3e48c59]

GC Heap History (0 events):
No events

Deoptimization events (0 events):
No events

Classes unloaded (0 events):
No events

Classes redefined (0 events):
No events

Internal exceptions (0 events):
No events

VM Operations (0 events):
No events

Events (1 events):
Event: 0.063 Loaded shared library C:\Program Files\Java\jdk-17\bin\java.dll


Dynamic libraries:
0x00007ff75b8a0000 - 0x00007ff75b8b0000 	C:\Program Files\Java\jdk-17\bin\java.exe
0x00007ff802c30000 - 0x00007ff802e25000 	C:\WINDOWS\SYSTEM32\ntdll.dll
0x00007ff8026c0000 - 0x00007ff80277e000 	C:\WINDOWS\System32\KERNEL32.DLL
0x00007ff8007c0000 - 0x00007ff800a88000 	C:\WINDOWS\System32\KERNELBASE.dll
0x00007ff800620000 - 0x00007ff800720000 	C:\WINDOWS\System32\ucrtbase.dll
0x00007fffe0890000 - 0x00007fffe08a8000 	C:\Program Files\Java\jdk-17\bin\jli.dll
0x00007ff802b40000 - 0x00007ff802bee000 	C:\WINDOWS\System32\ADVAPI32.dll
0x00007ff802260000 - 0x00007ff8022fe000 	C:\WINDOWS\System32\msvcrt.dll
0x00007ff8011a0000 - 0x00007ff80123c000 	C:\WINDOWS\System32\sechost.dll
0x00007ff802300000 - 0x00007ff802425000 	C:\WINDOWS\System32\RPCRT4.dll
0x00007ff802520000 - 0x00007ff8026c0000 	C:\WINDOWS\System32\USER32.dll
0x00007ff800a90000 - 0x00007ff800ab2000 	C:\WINDOWS\System32\win32u.dll
0x00007ff800db0000 - 0x00007ff800ddb000 	C:\WINDOWS\System32\GDI32.dll
0x00007ff8004e0000 - 0x00007ff8005eb000 	C:\WINDOWS\System32\gdi32full.dll
0x00007ff800720000 - 0x00007ff8007bd000 	C:\WINDOWS\System32\msvcp_win.dll
0x00007fffe9230000 - 0x00007fffe94ca000 	C:\WINDOWS\WinSxS\amd64_microsoft.windows.common-controls_6595b64144ccf1df_6.0.19041.1110_none_60b5254171f9507e\COMCTL32.dll
0x00007ffff8190000 - 0x00007ffff819a000 	C:\WINDOWS\SYSTEM32\VERSION.dll
0x00007fffe0840000 - 0x00007fffe085a000 	C:\Program Files\Java\jdk-17\bin\VCRUNTIME140.dll
0x00007ff8028a0000 - 0x00007ff8028d0000 	C:\WINDOWS\System32\IMM32.DLL
0x00007ffff88c0000 - 0x00007ffff88cc000 	C:\Program Files\Java\jdk-17\bin\vcruntime140_1.dll
0x00007fffcdb60000 - 0x00007fffcdbed000 	C:\Program Files\Java\jdk-17\bin\msvcp140.dll
0x00007fffa3780000 - 0x00007fffa433e000 	C:\Program Files\Java\jdk-17\bin\server\jvm.dll
0x00007ff802440000 - 0x00007ff802448000 	C:\WINDOWS\System32\PSAPI.DLL
0x00007ffffa390000 - 0x00007ffffa399000 	C:\WINDOWS\SYSTEM32\WSOCK32.dll
0x00007ff8012f0000 - 0x00007ff80135b000 	C:\WINDOWS\System32\WS2_32.dll
0x00007fffe84d0000 - 0x00007fffe84f7000 	C:\WINDOWS\SYSTEM32\WINMM.dll
0x00007ffffec10000 - 0x00007ffffec22000 	C:\WINDOWS\SYSTEM32\kernel.appcore.dll
0x00007ffffb4d0000 - 0x00007ffffb4da000 	C:\Program Files\Java\jdk-17\bin\jimage.dll
0x00007ffffe900000 - 0x00007ffffeae4000 	C:\WINDOWS\SYSTEM32\DBGHELP.DLL
0x00007fffeab40000 - 0x00007fffeab6c000 	C:\WINDOWS\SYSTEM32\dbgcore.DLL
0x00007ff800400000 - 0x00007ff800482000 	C:\WINDOWS\System32\bcryptPrimitives.dll
0x00007fffe1220000 - 0x00007fffe1245000 	C:\Program Files\Java\jdk-17\bin\java.dll

dbghelp: loaded successfully - version: 4.0.5 - missing functions: none
symbol engine: initialized successfully - sym options: 0x614 - pdb path: .;C:\Program Files\Java\jdk-17\bin;C:\WINDOWS\SYSTEM32;C:\WINDOWS\WinSxS\amd64_microsoft.windows.common-controls_6595b64144ccf1df_6.0.19041.1110_none_60b5254171f9507e;C:\Program Files\Java\jdk-17\bin\server

VM Arguments:
jvm_args: -XX:+ShowCodeDetailsInExceptionMessages 
java_command: part01.machineApp
java_class_path (initial): C:\Users\cushl\OneDrive\Documents\CSC1031-Group-Project\bin
Launcher Type: SUN_STANDARD

[Global flags]
     intx CICompilerCount                          = 3                                         {product} {ergonomic}
     uint ConcGCThreads                            = 1                                         {product} {ergonomic}
     uint G1ConcRefinementThreads                  = 4                                         {product} {ergonomic}
   size_t G1HeapRegionSize                         = 1048576                                   {product} {ergonomic}
    uintx GCDrainStackTargetSize                   = 64                                        {product} {ergonomic}
   size_t InitialHeapSize                          = 67108864                                  {product} {ergonomic}
   size_t MarkStackSize                            = 4194304                                   {product} {ergonomic}
   size_t MaxHeapSize                              = 1050673152                                {product} {ergonomic}
   size_t MinHeapDeltaBytes                        = 1048576                                   {product} {ergonomic}
   size_t MinHeapSize                              = 8388608                                   {product} {ergonomic}
    uintx NonNMethodCodeHeapSize                   = 5832780                                {pd product} {ergonomic}
    uintx NonProfiledCodeHeapSize                  = 122912730                              {pd product} {ergonomic}
    uintx ProfiledCodeHeapSize                     = 122912730                              {pd product} {ergonomic}
    uintx ReservedCodeCacheSize                    = 251658240                              {pd product} {ergonomic}
     bool SegmentedCodeCache                       = true                                      {product} {ergonomic}
     bool ShowCodeDetailsInExceptionMessages       = true                                   {manageable} {command line}
   size_t SoftMaxHeapSize                          = 1050673152                             {manageable} {ergonomic}
     bool UseCompressedClassPointers               = true                           {product lp64_product} {ergonomic}
     bool UseCompressedOops                        = true                           {product lp64_product} {ergonomic}
     bool UseG1GC                                  = true                                      {product} {ergonomic}
     bool UseLargePagesIndividualAllocation        = false                                  {pd product} {ergonomic}

Logging:
Log output configuration:
 #0: stdout all=warning uptime,level,tags
 #1: stderr all=off uptime,level,tags

Environment Variables:
JAVA_HOME=C:\Program Files\Java\jdk-17
PATH=C:\Program Files\Common Files\Oracle\Java\javapath;C:\WINDOWS\system32;C:\WINDOWS;C:\WINDOWS\System32\Wbem;C:\WINDOWS\System32\WindowsPowerShell\v1.0\;C:\WINDOWS\System32\OpenSSH\;C:\Program Files\Java\jdk-17\bin;C:\Program Files\Git\cmd;C:\Users\cushl\AppData\Local\Programs\Python\Python38\Scripts\;C:\Users\cushl\AppData\Local\Programs\Python\Python38\;C:\Users\cushl\AppData\Local\Microsoft\WindowsApps;C:\Users\cushl\AppData\Local\Programs\Microsoft VS Code\bin;C:\Users\cushl\AppData\Local\GitHubDesktop\bin
USERNAME=cushl
LANG=en_GB.UTF-8
OS=Windows_NT
PROCESSOR_IDENTIFIER=Intel64 Family 6 Model 142 Stepping 9, GenuineIntel



---------------  S Y S T E M  ---------------

OS:
 Windows 10 , 64 bit Build 19041 (10.0.19041.1566)
OS uptime: 5 days 4:39 hours

CPU: total 4 (initial active 4) (2 cores per cpu, 2 threads per core) family 6 model 142 stepping 9 microcode 0xea, cx8, cmov, fxsr, ht, mmx, 3dnowpref, sse, sse2, sse3, ssse3, sse4.1, sse4.2, popcnt, lzcnt, tsc, tscinvbit, avx, avx2, aes, erms, clmul, bmi1, bmi2, adx, fma, vzeroupper, clflush, clflushopt

Memory: 4k page, system-wide physical 4007M (210M free)
TotalPageFile size 16295M (AvailPageFile size 52M)
current process WorkingSet (physical memory assigned to process): 9M, peak: 9M
current process commit charge ("private bytes"): 51M, peak: 115M

vm_info: Java HotSpot(TM) 64-Bit Server VM (17+35-LTS-2724) for windows-amd64 JRE (17+35-LTS-2724), built on Aug  5 2021 23:28:28 by "mach5one" with MS VC++ 16.8 (VS2019)

END.
